------------------------------------------------------------
时间：2016-07-22 10:58:20
提示：200|载入小说基本配置信息出错。调用的目标发生了异常。
小说：64376|纯阳鬼胎|0
方案：TaskConfig.xml|Rules\23wx.com.xml
------------------------------------------------------------
时间：2016-07-22 10:58:20
提示：200|载入小说基本配置信息出错。调用的目标发生了异常。
小说：64650|美国英雄|0
方案：TaskConfig.xml|Rules\23wx.com.xml
------------------------------------------------------------
时间：2016-07-22 10:58:21
提示：200|载入小说基本配置信息出错。调用的目标发生了异常。
小说：63865|宇宙继承者|0
方案：TaskConfig.xml|Rules\23wx.com.xml
------------------------------------------------------------
时间：2016-07-22 10:58:21
提示：200|载入小说基本配置信息出错。调用的目标发生了异常。
小说：64130|星际宠物时代|0
方案：TaskConfig.xml|Rules\23wx.com.xml
------------------------------------------------------------
时间：2016-07-22 10:58:21
提示：200|载入小说基本配置信息出错。调用的目标发生了异常。
小说：58774|无限之狂气兵团|0
方案：TaskConfig.xml|Rules\23wx.com.xml
------------------------------------------------------------
时间：2016-07-22 10:58:21
提示：200|载入小说基本配置信息出错。调用的目标发生了异常。
小说：64552|神级位面教师|0
方案：TaskConfig.xml|Rules\23wx.com.xml
------------------------------------------------------------
时间：2016-07-22 10:58:22
提示：200|载入小说基本配置信息出错。调用的目标发生了异常。
小说：58240|快穿游戏|0
方案：TaskConfig.xml|Rules\23wx.com.xml
------------------------------------------------------------
时间：2016-07-22 10:58:22
提示：200|载入小说基本配置信息出错。调用的目标发生了异常。
小说：60575|天后成长日常|0
方案：TaskConfig.xml|Rules\23wx.com.xml
------------------------------------------------------------
时间：2016-07-22 10:58:38
提示：200|载入小说基本配置信息出错。调用的目标发生了异常。
小说：64376|纯阳鬼胎|0
方案：TaskConfig.xml|Rules\23wx.com.xml
------------------------------------------------------------
时间：2016-07-22 10:58:38
提示：200|载入小说基本配置信息出错。调用的目标发生了异常。
小说：64650|美国英雄|0
方案：TaskConfig.xml|Rules\23wx.com.xml
------------------------------------------------------------
时间：2016-07-22 10:58:39
提示：200|载入小说基本配置信息出错。调用的目标发生了异常。
小说：63865|宇宙继承者|0
方案：TaskConfig.xml|Rules\23wx.com.xml
------------------------------------------------------------
时间：2016-07-22 10:58:39
提示：200|载入小说基本配置信息出错。调用的目标发生了异常。
小说：64130|星际宠物时代|0
方案：TaskConfig.xml|Rules\23wx.com.xml
------------------------------------------------------------
时间：2016-07-22 10:58:39
提示：200|载入小说基本配置信息出错。调用的目标发生了异常。
小说：58774|无限之狂气兵团|0
方案：TaskConfig.xml|Rules\23wx.com.xml
------------------------------------------------------------
时间：2016-07-22 10:58:39
提示：200|载入小说基本配置信息出错。调用的目标发生了异常。
小说：64552|神级位面教师|0
方案：TaskConfig.xml|Rules\23wx.com.xml
------------------------------------------------------------
时间：2016-07-22 10:58:40
提示：200|载入小说基本配置信息出错。调用的目标发生了异常。
小说：58240|快穿游戏|0
方案：TaskConfig.xml|Rules\23wx.com.xml
------------------------------------------------------------
时间：2016-07-22 10:58:40
提示：200|载入小说基本配置信息出错。调用的目标发生了异常。
小说：60575|天后成长日常|0
方案：TaskConfig.xml|Rules\23wx.com.xml
------------------------------------------------------------
时间：2016-07-22 10:58:40
提示：200|载入小说基本配置信息出错。调用的目标发生了异常。
小说：60534|快穿之推倒神|0
方案：TaskConfig.xml|Rules\23wx.com.xml
------------------------------------------------------------
时间：2016-07-22 10:58:40
提示：200|载入小说基本配置信息出错。调用的目标发生了异常。
小说：59593|陌上柳|0
方案：TaskConfig.xml|Rules\23wx.com.xml
------------------------------------------------------------
时间：2016-07-22 10:58:41
提示：200|载入小说基本配置信息出错。调用的目标发生了异常。
小说：60574|嫡女骄|0
方案：TaskConfig.xml|Rules\23wx.com.xml
------------------------------------------------------------
时间：2016-07-22 10:58:41
提示：200|载入小说基本配置信息出错。调用的目标发生了异常。
小说：63389|重生机甲天后|0
方案：TaskConfig.xml|Rules\23wx.com.xml
------------------------------------------------------------
时间：2016-07-22 10:58:41
提示：200|载入小说基本配置信息出错。调用的目标发生了异常。
小说：61117|秦时农家女|0
方案：TaskConfig.xml|Rules\23wx.com.xml
------------------------------------------------------------
时间：2016-07-22 10:58:42
提示：200|载入小说基本配置信息出错。调用的目标发生了异常。
小说：59459|宫媒|0
方案：TaskConfig.xml|Rules\23wx.com.xml
------------------------------------------------------------
时间：2016-07-22 10:58:42
提示：200|载入小说基本配置信息出错。调用的目标发生了异常。
小说：45262|仙路争锋|0
方案：TaskConfig.xml|Rules\23wx.com.xml
------------------------------------------------------------
时间：2016-07-22 10:58:42
提示：200|载入小说基本配置信息出错。调用的目标发生了异常。
小说：59507|战极通天|0
方案：TaskConfig.xml|Rules\23wx.com.xml
------------------------------------------------------------
时间：2016-07-22 10:58:43
提示：200|载入小说基本配置信息出错。调用的目标发生了异常。
小说：60005|抗战武侠|0
方案：TaskConfig.xml|Rules\23wx.com.xml
------------------------------------------------------------
时间：2016-07-22 10:58:43
提示：200|载入小说基本配置信息出错。调用的目标发生了异常。
小说：55666|大清隐龙|0
方案：TaskConfig.xml|Rules\23wx.com.xml
------------------------------------------------------------
时间：2016-07-22 10:58:44
提示：200|载入小说基本配置信息出错。调用的目标发生了异常。
小说：58529|九星霸体诀|0
方案：TaskConfig.xml|Rules\23wx.com.xml
------------------------------------------------------------
时间：2016-07-22 10:58:44
提示：200|载入小说基本配置信息出错。调用的目标发生了异常。
小说：60348|超级穿越系统|0
方案：TaskConfig.xml|Rules\23wx.com.xml
------------------------------------------------------------
时间：2016-07-22 10:58:44
提示：200|载入小说基本配置信息出错。调用的目标发生了异常。
小说：60001|命之途|0
方案：TaskConfig.xml|Rules\23wx.com.xml
------------------------------------------------------------
时间：2016-07-22 10:58:45
提示：200|载入小说基本配置信息出错。调用的目标发生了异常。
小说：60409|都市战龙|0
方案：TaskConfig.xml|Rules\23wx.com.xml
------------------------------------------------------------
时间：2016-07-22 10:58:45
提示：200|载入小说基本配置信息出错。调用的目标发生了异常。
小说：60167|神医高手在都市|0
方案：TaskConfig.xml|Rules\23wx.com.xml
------------------------------------------------------------
时间：2016-07-22 10:58:46
提示：200|载入小说基本配置信息出错。调用的目标发生了异常。
小说：63378|回到十二岁|0
方案：TaskConfig.xml|Rules\23wx.com.xml
------------------------------------------------------------
时间：2016-07-22 10:58:46
提示：200|载入小说基本配置信息出错。调用的目标发生了异常。
小说：59692|华缘到|0
方案：TaskConfig.xml|Rules\23wx.com.xml
------------------------------------------------------------
时间：2016-07-22 10:58:46
提示：200|载入小说基本配置信息出错。调用的目标发生了异常。
小说：61292|屠天战祖|0
方案：TaskConfig.xml|Rules\23wx.com.xml
------------------------------------------------------------
时间：2016-07-22 10:58:47
提示：200|载入小说基本配置信息出错。调用的目标发生了异常。
小说：63367|暗夜守望者|0
方案：TaskConfig.xml|Rules\23wx.com.xml
------------------------------------------------------------
时间：2016-07-22 10:59:08
提示：200|载入小说基本配置信息出错。调用的目标发生了异常。
小说：64376|纯阳鬼胎|0
方案：TaskConfig.xml|Rules\23wx.com.xml
------------------------------------------------------------
时间：2016-07-22 10:59:08
提示：200|载入小说基本配置信息出错。调用的目标发生了异常。
小说：64650|美国英雄|0
方案：TaskConfig.xml|Rules\23wx.com.xml
------------------------------------------------------------
时间：2016-07-22 10:59:09
提示：200|载入小说基本配置信息出错。调用的目标发生了异常。
小说：63865|宇宙继承者|0
方案：TaskConfig.xml|Rules\23wx.com.xml
------------------------------------------------------------
时间：2016-07-22 10:59:09
提示：200|载入小说基本配置信息出错。调用的目标发生了异常。
小说：64130|星际宠物时代|0
方案：TaskConfig.xml|Rules\23wx.com.xml
------------------------------------------------------------
时间：2016-07-22 10:59:09
提示：200|载入小说基本配置信息出错。调用的目标发生了异常。
小说：58774|无限之狂气兵团|0
方案：TaskConfig.xml|Rules\23wx.com.xml
------------------------------------------------------------
时间：2016-07-22 10:59:09
提示：200|载入小说基本配置信息出错。调用的目标发生了异常。
小说：64552|神级位面教师|0
方案：TaskConfig.xml|Rules\23wx.com.xml
------------------------------------------------------------
时间：2016-07-22 10:59:09
提示：200|载入小说基本配置信息出错。调用的目标发生了异常。
小说：58240|快穿游戏|0
方案：TaskConfig.xml|Rules\23wx.com.xml
------------------------------------------------------------
时间：2016-07-22 10:59:09
提示：200|载入小说基本配置信息出错。调用的目标发生了异常。
小说：60575|天后成长日常|0
方案：TaskConfig.xml|Rules\23wx.com.xml
------------------------------------------------------------
时间：2016-07-22 10:59:09
提示：200|载入小说基本配置信息出错。调用的目标发生了异常。
小说：60534|快穿之推倒神|0
方案：TaskConfig.xml|Rules\23wx.com.xml
------------------------------------------------------------
时间：2016-07-22 10:59:09
提示：200|载入小说基本配置信息出错。调用的目标发生了异常。
小说：59593|陌上柳|0
方案：TaskConfig.xml|Rules\23wx.com.xml
------------------------------------------------------------
时间：2016-07-22 10:59:10
提示：200|载入小说基本配置信息出错。调用的目标发生了异常。
小说：60574|嫡女骄|0
方案：TaskConfig.xml|Rules\23wx.com.xml
------------------------------------------------------------
时间：2016-07-22 10:59:10
提示：200|载入小说基本配置信息出错。调用的目标发生了异常。
小说：63389|重生机甲天后|0
方案：TaskConfig.xml|Rules\23wx.com.xml
------------------------------------------------------------
时间：2016-07-22 10:59:10
提示：200|载入小说基本配置信息出错。调用的目标发生了异常。
小说：61117|秦时农家女|0
方案：TaskConfig.xml|Rules\23wx.com.xml
------------------------------------------------------------
时间：2016-07-22 10:59:10
提示：200|载入小说基本配置信息出错。调用的目标发生了异常。
小说：59459|宫媒|0
方案：TaskConfig.xml|Rules\23wx.com.xml
------------------------------------------------------------
时间：2016-07-22 10:59:10
提示：200|载入小说基本配置信息出错。调用的目标发生了异常。
小说：45262|仙路争锋|0
方案：TaskConfig.xml|Rules\23wx.com.xml
------------------------------------------------------------
时间：2016-07-22 10:59:10
提示：200|载入小说基本配置信息出错。调用的目标发生了异常。
小说：59507|战极通天|0
方案：TaskConfig.xml|Rules\23wx.com.xml
------------------------------------------------------------
时间：2016-07-22 10:59:11
提示：200|载入小说基本配置信息出错。调用的目标发生了异常。
小说：64376|纯阳鬼胎|0
方案：TaskConfig.xml|Rules\23wx.com.xml
------------------------------------------------------------
时间：2016-07-22 10:59:11
提示：200|载入小说基本配置信息出错。调用的目标发生了异常。
小说：64650|美国英雄|0
方案：TaskConfig.xml|Rules\23wx.com.xml
------------------------------------------------------------
时间：2016-07-22 10:59:11
提示：200|载入小说基本配置信息出错。调用的目标发生了异常。
小说：63865|宇宙继承者|0
方案：TaskConfig.xml|Rules\23wx.com.xml
------------------------------------------------------------
时间：2016-07-22 10:59:11
提示：200|载入小说基本配置信息出错。调用的目标发生了异常。
小说：64130|星际宠物时代|0
方案：TaskConfig.xml|Rules\23wx.com.xml
------------------------------------------------------------
时间：2016-07-22 10:59:12
提示：200|载入小说基本配置信息出错。调用的目标发生了异常。
小说：58774|无限之狂气兵团|0
方案：TaskConfig.xml|Rules\23wx.com.xml
------------------------------------------------------------
时间：2016-07-22 10:59:12
提示：200|载入小说基本配置信息出错。调用的目标发生了异常。
小说：64552|神级位面教师|0
方案：TaskConfig.xml|Rules\23wx.com.xml
------------------------------------------------------------
时间：2016-07-22 10:59:12
提示：200|载入小说基本配置信息出错。调用的目标发生了异常。
小说：58240|快穿游戏|0
方案：TaskConfig.xml|Rules\23wx.com.xml
------------------------------------------------------------
时间：2016-07-22 10:59:12
提示：200|载入小说基本配置信息出错。调用的目标发生了异常。
小说：60575|天后成长日常|0
方案：TaskConfig.xml|Rules\23wx.com.xml
------------------------------------------------------------
时间：2016-07-22 10:59:12
提示：200|载入小说基本配置信息出错。调用的目标发生了异常。
小说：60534|快穿之推倒神|0
方案：TaskConfig.xml|Rules\23wx.com.xml
------------------------------------------------------------
时间：2016-07-22 10:59:12
提示：200|载入小说基本配置信息出错。调用的目标发生了异常。
小说：59593|陌上柳|0
方案：TaskConfig.xml|Rules\23wx.com.xml
------------------------------------------------------------
时间：2016-07-22 10:59:13
提示：200|载入小说基本配置信息出错。调用的目标发生了异常。
小说：64376|纯阳鬼胎|0
方案：TaskConfig.xml|Rules\23wx.com.xml
------------------------------------------------------------
时间：2016-07-22 10:59:13
提示：200|载入小说基本配置信息出错。调用的目标发生了异常。
小说：64650|美国英雄|0
方案：TaskConfig.xml|Rules\23wx.com.xml
------------------------------------------------------------
时间：2016-07-22 10:59:14
提示：200|载入小说基本配置信息出错。调用的目标发生了异常。
小说：63865|宇宙继承者|0
方案：TaskConfig.xml|Rules\23wx.com.xml
------------------------------------------------------------
时间：2016-07-22 10:59:14
提示：200|载入小说基本配置信息出错。调用的目标发生了异常。
小说：64130|星际宠物时代|0
方案：TaskConfig.xml|Rules\23wx.com.xml
------------------------------------------------------------
时间：2016-07-22 10:59:15
提示：200|载入小说基本配置信息出错。调用的目标发生了异常。
小说：58774|无限之狂气兵团|0
方案：TaskConfig.xml|Rules\23wx.com.xml
------------------------------------------------------------
时间：2016-07-22 10:59:15
提示：200|载入小说基本配置信息出错。调用的目标发生了异常。
小说：64552|神级位面教师|0
方案：TaskConfig.xml|Rules\23wx.com.xml
------------------------------------------------------------
时间：2016-07-22 10:59:15
提示：200|载入小说基本配置信息出错。调用的目标发生了异常。
小说：58240|快穿游戏|0
方案：TaskConfig.xml|Rules\23wx.com.xml
------------------------------------------------------------
时间：2016-07-22 10:59:16
提示：200|载入小说基本配置信息出错。调用的目标发生了异常。
小说：60575|天后成长日常|0
方案：TaskConfig.xml|Rules\23wx.com.xml
------------------------------------------------------------
时间：2016-07-22 10:59:16
提示：200|载入小说基本配置信息出错。调用的目标发生了异常。
小说：60534|快穿之推倒神|0
方案：TaskConfig.xml|Rules\23wx.com.xml
------------------------------------------------------------
时间：2016-07-22 10:59:16
提示：200|载入小说基本配置信息出错。调用的目标发生了异常。
小说：59593|陌上柳|0
方案：TaskConfig.xml|Rules\23wx.com.xml
------------------------------------------------------------
时间：2016-07-22 10:59:16
提示：200|载入小说基本配置信息出错。调用的目标发生了异常。
小说：60574|嫡女骄|0
方案：TaskConfig.xml|Rules\23wx.com.xml
------------------------------------------------------------
时间：2016-07-22 10:59:16
提示：200|载入小说基本配置信息出错。调用的目标发生了异常。
小说：63389|重生机甲天后|0
方案：TaskConfig.xml|Rules\23wx.com.xml
------------------------------------------------------------
时间：2016-07-22 10:59:17
提示：200|载入小说基本配置信息出错。调用的目标发生了异常。
小说：61117|秦时农家女|0
方案：TaskConfig.xml|Rules\23wx.com.xml
------------------------------------------------------------
时间：2016-07-22 10:59:17
提示：200|载入小说基本配置信息出错。调用的目标发生了异常。
小说：59459|宫媒|0
方案：TaskConfig.xml|Rules\23wx.com.xml
------------------------------------------------------------
时间：2016-07-22 10:59:17
提示：200|载入小说基本配置信息出错。调用的目标发生了异常。
小说：45262|仙路争锋|0
方案：TaskConfig.xml|Rules\23wx.com.xml
------------------------------------------------------------
时间：2016-07-22 10:59:17
提示：200|载入小说基本配置信息出错。调用的目标发生了异常。
小说：59507|战极通天|0
方案：TaskConfig.xml|Rules\23wx.com.xml
------------------------------------------------------------
时间：2016-07-22 10:59:17
提示：200|载入小说基本配置信息出错。调用的目标发生了异常。
小说：60005|抗战武侠|0
方案：TaskConfig.xml|Rules\23wx.com.xml
------------------------------------------------------------
时间：2016-07-22 10:59:18
提示：200|载入小说基本配置信息出错。调用的目标发生了异常。
小说：55666|大清隐龙|0
方案：TaskConfig.xml|Rules\23wx.com.xml
------------------------------------------------------------
时间：2016-07-22 10:59:18
提示：200|载入小说基本配置信息出错。调用的目标发生了异常。
小说：58529|九星霸体诀|0
方案：TaskConfig.xml|Rules\23wx.com.xml
------------------------------------------------------------
时间：2016-07-22 10:59:18
提示：200|载入小说基本配置信息出错。调用的目标发生了异常。
小说：60348|超级穿越系统|0
方案：TaskConfig.xml|Rules\23wx.com.xml
------------------------------------------------------------
时间：2016-07-22 10:59:19
提示：200|载入小说基本配置信息出错。调用的目标发生了异常。
小说：60001|命之途|0
方案：TaskConfig.xml|Rules\23wx.com.xml
------------------------------------------------------------
时间：2016-07-22 10:59:19
提示：200|载入小说基本配置信息出错。调用的目标发生了异常。
小说：60409|都市战龙|0
方案：TaskConfig.xml|Rules\23wx.com.xml
------------------------------------------------------------
时间：2016-07-22 10:59:19
提示：200|载入小说基本配置信息出错。调用的目标发生了异常。
小说：60167|神医高手在都市|0
方案：TaskConfig.xml|Rules\23wx.com.xml
------------------------------------------------------------
时间：2016-07-22 11:01:12
提示：200|载入小说基本配置信息出错。调用的目标发生了异常。
小说：64376|纯阳鬼胎|0
方案：TaskConfig.xml|Rules\23wx.com.xml
------------------------------------------------------------
时间：2016-07-22 11:01:13
提示：200|载入小说基本配置信息出错。调用的目标发生了异常。
小说：64650|美国英雄|0
方案：TaskConfig.xml|Rules\23wx.com.xml
------------------------------------------------------------
时间：2016-07-22 11:01:13
提示：200|载入小说基本配置信息出错。调用的目标发生了异常。
小说：63865|宇宙继承者|0
方案：TaskConfig.xml|Rules\23wx.com.xml
------------------------------------------------------------
时间：2016-07-22 11:01:13
提示：200|载入小说基本配置信息出错。调用的目标发生了异常。
小说：64130|星际宠物时代|0
方案：TaskConfig.xml|Rules\23wx.com.xml
------------------------------------------------------------
时间：2016-07-22 11:01:13
提示：200|载入小说基本配置信息出错。调用的目标发生了异常。
小说：58774|无限之狂气兵团|0
方案：TaskConfig.xml|Rules\23wx.com.xml
------------------------------------------------------------
时间：2016-07-22 11:01:13
提示：200|载入小说基本配置信息出错。调用的目标发生了异常。
小说：64552|神级位面教师|0
方案：TaskConfig.xml|Rules\23wx.com.xml
------------------------------------------------------------
时间：2016-07-22 11:01:13
提示：200|载入小说基本配置信息出错。调用的目标发生了异常。
小说：58240|快穿游戏|0
方案：TaskConfig.xml|Rules\23wx.com.xml
------------------------------------------------------------
时间：2016-07-22 11:01:13
提示：200|载入小说基本配置信息出错。调用的目标发生了异常。
小说：60575|天后成长日常|0
方案：TaskConfig.xml|Rules\23wx.com.xml
------------------------------------------------------------
时间：2016-07-22 11:01:13
提示：200|载入小说基本配置信息出错。调用的目标发生了异常。
小说：60534|快穿之推倒神|0
方案：TaskConfig.xml|Rules\23wx.com.xml
------------------------------------------------------------
时间：2016-07-22 11:01:14
提示：200|载入小说基本配置信息出错。调用的目标发生了异常。
小说：59593|陌上柳|0
方案：TaskConfig.xml|Rules\23wx.com.xml
------------------------------------------------------------
时间：2016-07-22 11:01:14
提示：200|载入小说基本配置信息出错。调用的目标发生了异常。
小说：60574|嫡女骄|0
方案：TaskConfig.xml|Rules\23wx.com.xml
------------------------------------------------------------
时间：2016-07-22 11:01:14
提示：200|载入小说基本配置信息出错。调用的目标发生了异常。
小说：63389|重生机甲天后|0
方案：TaskConfig.xml|Rules\23wx.com.xml
------------------------------------------------------------
时间：2016-07-22 11:01:14
提示：200|载入小说基本配置信息出错。调用的目标发生了异常。
小说：61117|秦时农家女|0
方案：TaskConfig.xml|Rules\23wx.com.xml
------------------------------------------------------------
时间：2016-07-22 11:01:14
提示：200|载入小说基本配置信息出错。调用的目标发生了异常。
小说：59459|宫媒|0
方案：TaskConfig.xml|Rules\23wx.com.xml
------------------------------------------------------------
时间：2016-07-22 11:01:14
提示：200|载入小说基本配置信息出错。调用的目标发生了异常。
小说：45262|仙路争锋|0
方案：TaskConfig.xml|Rules\23wx.com.xml
------------------------------------------------------------
时间：2016-07-22 11:01:15
提示：200|载入小说基本配置信息出错。调用的目标发生了异常。
小说：59507|战极通天|0
方案：TaskConfig.xml|Rules\23wx.com.xml
------------------------------------------------------------
时间：2016-07-22 11:01:15
提示：200|载入小说基本配置信息出错。调用的目标发生了异常。
小说：60005|抗战武侠|0
方案：TaskConfig.xml|Rules\23wx.com.xml
------------------------------------------------------------
时间：2016-07-22 11:01:15
提示：200|载入小说基本配置信息出错。调用的目标发生了异常。
小说：55666|大清隐龙|0
方案：TaskConfig.xml|Rules\23wx.com.xml
------------------------------------------------------------
时间：2016-07-22 11:01:15
提示：200|载入小说基本配置信息出错。调用的目标发生了异常。
小说：58529|九星霸体诀|0
方案：TaskConfig.xml|Rules\23wx.com.xml
------------------------------------------------------------
时间：2016-07-22 11:01:15
提示：200|载入小说基本配置信息出错。调用的目标发生了异常。
小说：60348|超级穿越系统|0
方案：TaskConfig.xml|Rules\23wx.com.xml
------------------------------------------------------------
时间：2016-07-22 11:01:15
提示：200|载入小说基本配置信息出错。调用的目标发生了异常。
小说：60001|命之途|0
方案：TaskConfig.xml|Rules\23wx.com.xml
------------------------------------------------------------
时间：2016-07-22 11:01:15
提示：200|载入小说基本配置信息出错。调用的目标发生了异常。
小说：60409|都市战龙|0
方案：TaskConfig.xml|Rules\23wx.com.xml
------------------------------------------------------------
时间：2016-07-22 11:01:16
提示：200|载入小说基本配置信息出错。调用的目标发生了异常。
小说：60167|神医高手在都市|0
方案：TaskConfig.xml|Rules\23wx.com.xml
